<?xml version="1.0" encoding="UTF-8"?>
<testng-results skipped="0" failed="0" total="1" passed="1">
  <reporter-output>
  </reporter-output>
  <suite name="Default suite" duration-ms="41502" started-at="2020-02-28T12:37:38Z" finished-at="2020-02-28T12:38:19Z">
    <groups>
    </groups>
    <test name="Default test" duration-ms="41502" started-at="2020-02-28T12:37:38Z" finished-at="2020-02-28T12:38:19Z">
      <class name="test_Case.TC_01">
        <test-method status="PASS" signature="TestOne()[pri:0, instance:test_Case.TC_01@6767c1fc]" name="TestOne" duration-ms="41422" started-at="2020-02-28T18:07:38Z" finished-at="2020-02-28T18:08:19Z">
          <reporter-output>
          </reporter-output>
        </test-method> <!-- TestOne -->
      </class> <!-- test_Case.TC_01 -->
    </test> <!-- Default test -->
  </suite> <!-- Default suite -->
</testng-results>
